     1                                  section .data
     2                                  
     3 00000000 48656C6C6F0A            MSG:    db 'Hello',10 ; const char* const MSG = "Hello\n"
     4                                  STDOUT: equ 1 ; #define STDOUT 1
     5                                  
     6                                  section .text
     7                                      global _start
     8                                  
     9                                  _start:
    10                                      ; write(STDOUT, MSG, 6)
    11 00000000 B804000000                  mov eax, 4
    12 00000005 BB01000000                  mov ebx, STDOUT
    13 0000000A B9[00000000]                mov ecx, MSG
    14 0000000F BA06000000                  mov edx, 6
    15 00000014 CD80                        int 80h
    16                                  
    17                                      ; exit(0) <=> return 0
    18 00000016 B801000000                  mov eax, 1
    19 0000001B BB00000000                  mov ebx, 0
    20 00000020 CD80                        int 80h
    21                                  
